OUIKit/OUIContact/build/intermediates/manifest_merge_blame_file/debug/manifest-merger-blame-debug-report.txt
1<?xml version="1.0" encoding="utf-8"?>
2<manifest xmlns:android="http://schemas.android.com/apk/res/android"
3    package="io.openim.android.ouicontact" >
4
5    <uses-sdk
6        android:minSdkVersion="21"
6-->src/main/AndroidManifest.xml
7        android:targetSdkVersion="32" />
7-->src/main/AndroidManifest.xml
8
9    <application android:theme="@style/Theme.Demo" >
9-->src/main/AndroidManifest.xml:5:5-9:19
9-->src/main/AndroidManifest.xml:5:18-51
10        <activity
10-->src/main/AndroidManifest.xml:6:9-8:40
11            android:name="io.openim.android.ouicontact.ui.ChatActivity"
11-->src/main/AndroidManifest.xml:7:13-44
12            android:exported="false" />
12-->src/main/AndroidManifest.xml:8:13-37
13    </application>
14
15</manifest>